<?xml version="1.0" encoding="UTF-8"?>
<!-- Generated by org.testng.reporters.JUnitReportReporter -->
<testsuite skipped="3" hostname="DESKTOP-LEQJLJ7" name="testng_basics.Testng_basics" tests="6" failures="0" timestamp="2020-12-23T23:33:24 IST" time="34.523" errors="1">
  <testcase name="testInizalise" time="12.812" classname="testng_basics.Testng_basics">
    <error type="org.testng.TestNGException" message="
Cannot inject @Test annotated Method [testInizalise] with [class java.lang.String].
For more information on native dependency injection please refer to https://testng.org/doc/documentation-main.html#native-dependency-injection">
      <![CDATA[org.testng.TestNGException: 
Cannot inject @Test annotated Method [testInizalise] with [class java.lang.String].
For more information on native dependency injection please refer to https://testng.org/doc/documentation-main.html#native-dependency-injection
at org.testng.internal.Parameters.checkParameterTypes(Parameters.java:437)
at org.testng.internal.Parameters.createParametersForMethod(Parameters.java:351)
at org.testng.internal.Parameters.createParameters(Parameters.java:708)
at org.testng.internal.Parameters.handleParameters(Parameters.java:875)
at org.testng.internal.Parameters.handleParameters(Parameters.java:740)
at org.testng.internal.ParameterHandler.handleParameters(ParameterHandler.java:59)
at org.testng.internal.ParameterHandler.createParameters(ParameterHandler.java:38)
at org.testng.internal.TestInvoker$MethodInvocationAgent.invoke(TestInvoker.java:789)
at org.testng.internal.TestInvoker.invokeTestMethods(TestInvoker.java:147)
at org.testng.internal.TestMethodWorker.invokeTestMethods(TestMethodWorker.java:146)
at org.testng.internal.TestMethodWorker.run(TestMethodWorker.java:128)
at java.util.concurrent.ThreadPoolExecutor.runWorker(ThreadPoolExecutor.java:1149)
at java.util.concurrent.ThreadPoolExecutor$Worker.run(ThreadPoolExecutor.java:624)
at java.lang.Thread.run(Thread.java:748)
]]>
    </error>
  </testcase> <!-- testInizalise -->
  <system-out/>
  <testcase name="verifyLogin" time="19.674" classname="testng_basics.Testng_basics"/>
  <system-out/>
  <testcase name="verifyLogin" time="2.037" classname="testng_basics.Testng_basics"/>
  <system-out/>
  <testcase name="verifyTitle" classname="testng_basics.Testng_basics">
    <skipped/>
  </testcase> <!-- verifyTitle -->
  <system-out/>
  <testcase name="verifyRegister" classname="testng_basics.Testng_basics">
    <skipped/>
  </testcase> <!-- verifyRegister -->
  <system-out/>
  <testcase name="verifyContact" classname="testng_basics.Testng_basics">
    <skipped/>
  </testcase> <!-- verifyContact -->
  <system-out/>
</testsuite> <!-- testng_basics.Testng_basics -->
