<?xml version="1.0" encoding="UTF-8"?>
<!-- Generated by org.testng.reporters.JUnitReportReporter -->
<testsuite skipped="0" hostname="DESKTOP-LEQJLJ7" name="testng_basics.Test_ng_basics2" tests="3" failures="0" timestamp="2020-12-23T23:33:24 IST" time="0.013" errors="0">
  <testcase name="sampleTest2" time="0.003" classname="testng_basics.Test_ng_basics2"/>
  <system-out/>
  <testcase name="sampleTest1" time="0.007" classname="testng_basics.Test_ng_basics2"/>
  <system-out/>
  <testcase name="sampleTest3" time="0.003" classname="testng_basics.Test_ng_basics2"/>
  <system-out/>
</testsuite> <!-- testng_basics.Test_ng_basics2 -->
