<?xml version="1.0" encoding="UTF-8"?>
<!-- Generated by org.testng.reporters.JUnitReportReporter -->
<testsuite skipped="0" hostname="DESKTOP-LEQJLJ7" name="testng_basics.Test_ng_basics2" tests="3" failures="0" timestamp="23 Dec 2020 14:23:36 GMT" time="0.019" errors="0">
  <testcase name="sampleTest3" time="0.002" classname="testng_basics.Test_ng_basics2"/>
  <testcase name="sampleTest1" time="0.009" classname="testng_basics.Test_ng_basics2"/>
  <testcase name="sampleTest2" time="0.008" classname="testng_basics.Test_ng_basics2"/>
</testsuite> <!-- testng_basics.Test_ng_basics2 -->
